[DEBUG] 2023-08-02 08:49:04.955 [main] PackageRelationshipCollection - Parsing relationship: /xl/_rels/workbook.xml.rels
[DEBUG] 2023-08-02 08:49:04.961 [main] PackageRelationshipCollection - Parsing relationship: /xl/worksheets/_rels/sheet1.xml.rels
[DEBUG] 2023-08-02 08:49:04.962 [main] PackageRelationshipCollection - Parsing relationship: /_rels/.rels
[INFO ] 2023-08-02 08:49:07.643 [main] TestBase - Chrome browser launched successfully
[INFO ] 2023-08-02 08:49:11.099 [main] TestBase - launch application successfully
[INFO ] 2023-08-02 08:49:12.149 [main] TestBase - form fill successfully
[INFO ] 2023-08-02 08:49:12.149 [main] TestBase - test case1_001
[INFO ] 2023-08-02 08:49:12.342 [main] TestBase - closing browser
[INFO ] 2023-08-02 08:49:14.185 [main] TestBase - Chrome browser launched successfully
[INFO ] 2023-08-02 08:49:18.760 [main] TestBase - launch application successfully
[INFO ] 2023-08-02 08:49:19.773 [main] TestBase - form fill successfully
[INFO ] 2023-08-02 08:49:19.773 [main] TestBase - test case1_001
[INFO ] 2023-08-02 08:49:19.963 [main] TestBase - closing browser
[INFO ] 2023-08-02 08:49:21.742 [main] TestBase - Chrome browser launched successfully
[INFO ] 2023-08-02 08:49:25.420 [main] TestBase - launch application successfully
[INFO ] 2023-08-02 08:49:26.505 [main] TestBase - form fill successfully
[INFO ] 2023-08-02 08:49:26.506 [main] TestBase - test case1_001
[INFO ] 2023-08-02 08:49:26.669 [main] TestBase - closing browser
[INFO ] 2023-08-02 08:49:28.148 [main] TestBase - Chrome browser launched successfully
[INFO ] 2023-08-02 08:49:31.848 [main] TestBase - launch application successfully
[INFO ] 2023-08-02 08:49:32.872 [main] TestBase - form fill successfully
[INFO ] 2023-08-02 08:49:32.872 [main] TestBase - test case1_001
[INFO ] 2023-08-02 08:49:33.026 [main] TestBase - closing browser
[INFO ] 2023-08-02 08:49:34.829 [main] TestBase - Chrome browser launched successfully
[INFO ] 2023-08-02 08:49:39.257 [main] TestBase - launch application successfully
[INFO ] 2023-08-02 08:49:44.843 [main] TestBase - link text validated successfully
[INFO ] 2023-08-02 08:49:45.013 [main] TestBase - closing browser
[INFO ] 2023-08-02 08:49:46.845 [main] TestBase - Chrome browser launched successfully
[INFO ] 2023-08-02 08:49:51.001 [main] TestBase - launch application successfully
[INFO ] 2023-08-02 08:49:51.191 [main] TestBase - Title of the page Basic Controls - H Y R Tutorials
[INFO ] 2023-08-02 08:49:51.300 [main] TestBase - closing browser
[INFO ] 2023-08-02 08:54:32.366 [main] TestBase - Chrome browser launched successfully
[INFO ] 2023-08-02 08:54:36.552 [main] TestBase - launch application successfully
[INFO ] 2023-08-02 08:54:36.998 [main] TestBase - size of the dropdown 5
[INFO ] 2023-08-02 08:54:37.019 [main] TestBase - list of element Select
[INFO ] 2023-08-02 08:54:37.035 [main] TestBase - list of element Java
[INFO ] 2023-08-02 08:54:37.048 [main] TestBase - list of element Dot Net
[INFO ] 2023-08-02 08:54:37.061 [main] TestBase - list of element Python
[INFO ] 2023-08-02 08:54:37.073 [main] TestBase - list of element Javascript
[INFO ] 2023-08-02 08:54:43.456 [main] TestBase - get first element val Python
[INFO ] 2023-08-02 08:54:43.639 [main] TestBase - closing browser
[INFO ] 2023-08-02 08:54:46.088 [main] TestBase - Chrome browser launched successfully
[INFO ] 2023-08-02 08:54:49.697 [main] TestBase - launch application successfully
[INFO ] 2023-08-02 08:54:50.055 [main] TestBase - size of the dropdown 4
[INFO ] 2023-08-02 08:54:50.105 [main] TestBase - list of element Eclipse
[INFO ] 2023-08-02 08:54:50.117 [main] TestBase - list of element IntelliJ IDEA
[INFO ] 2023-08-02 08:54:50.130 [main] TestBase - list of element Visual Studio
[INFO ] 2023-08-02 08:54:50.144 [main] TestBase - list of element NetBeans
[INFO ] 2023-08-02 08:54:56.451 [main] TestBase - get selected option Eclipse
[INFO ] 2023-08-02 08:54:56.461 [main] TestBase - get selected option Visual Studio
[INFO ] 2023-08-02 08:54:56.474 [main] TestBase - get selected option NetBeans
[INFO ] 2023-08-02 08:54:56.668 [main] TestBase - closing browser
[DEBUG] 2023-08-04 08:08:45.408 [main] PackageRelationshipCollection - Parsing relationship: /xl/_rels/workbook.xml.rels
[DEBUG] 2023-08-04 08:08:45.414 [main] PackageRelationshipCollection - Parsing relationship: /xl/worksheets/_rels/sheet1.xml.rels
[DEBUG] 2023-08-04 08:08:45.416 [main] PackageRelationshipCollection - Parsing relationship: /_rels/.rels
[INFO ] 2023-08-04 08:08:49.967 [main] TestBase - Chrome browser launched successfully
[INFO ] 2023-08-04 08:08:55.421 [main] TestBase - launch application successfully
[INFO ] 2023-08-04 08:08:56.541 [main] TestBase - form fill successfully
[INFO ] 2023-08-04 08:08:56.541 [main] TestBase - test case1_001
[INFO ] 2023-08-04 08:08:56.861 [main] TestBase - closing browser
[INFO ] 2023-08-04 08:08:59.350 [main] TestBase - Chrome browser launched successfully
[INFO ] 2023-08-04 08:09:04.013 [main] TestBase - launch application successfully
[INFO ] 2023-08-04 08:09:06.080 [main] TestBase - form fill successfully
[INFO ] 2023-08-04 08:09:06.080 [main] TestBase - test case1_001
[INFO ] 2023-08-04 08:09:06.286 [main] TestBase - closing browser
[INFO ] 2023-08-04 08:09:08.239 [main] TestBase - Chrome browser launched successfully
[INFO ] 2023-08-04 08:09:13.563 [main] TestBase - launch application successfully
[INFO ] 2023-08-04 08:09:14.795 [main] TestBase - form fill successfully
[INFO ] 2023-08-04 08:09:14.795 [main] TestBase - test case1_001
[INFO ] 2023-08-04 08:09:14.996 [main] TestBase - closing browser
[INFO ] 2023-08-04 08:09:17.010 [main] TestBase - Chrome browser launched successfully
[INFO ] 2023-08-04 08:09:22.378 [main] TestBase - launch application successfully
[INFO ] 2023-08-04 08:09:23.498 [main] TestBase - form fill successfully
[INFO ] 2023-08-04 08:09:23.499 [main] TestBase - test case1_001
[INFO ] 2023-08-04 08:09:23.701 [main] TestBase - closing browser
[INFO ] 2023-08-04 08:09:25.764 [main] TestBase - Chrome browser launched successfully
[INFO ] 2023-08-04 08:09:31.692 [main] TestBase - launch application successfully
[INFO ] 2023-08-04 08:09:31.984 [main] TestBase - link text validated successfully
[INFO ] 2023-08-04 08:09:32.317 [main] TestBase - closing browser
[INFO ] 2023-08-04 08:09:34.997 [main] TestBase - Chrome browser launched successfully
[INFO ] 2023-08-04 08:09:40.449 [main] TestBase - launch application successfully
[INFO ] 2023-08-04 08:09:40.651 [main] TestBase - Title of the page Basic Controls - H Y R Tutorials
[INFO ] 2023-08-04 08:09:40.836 [main] TestBase - closing browser
[DEBUG] 2023-08-04 08:35:00.217 [main] PackageRelationshipCollection - Parsing relationship: /xl/_rels/workbook.xml.rels
[DEBUG] 2023-08-04 08:35:00.223 [main] PackageRelationshipCollection - Parsing relationship: /xl/worksheets/_rels/sheet1.xml.rels
[DEBUG] 2023-08-04 08:35:00.224 [main] PackageRelationshipCollection - Parsing relationship: /_rels/.rels
[INFO ] 2023-08-04 08:35:02.915 [main] TestBase - Chrome browser launched successfully
[INFO ] 2023-08-04 08:35:07.880 [main] TestBase - launch application successfully
[INFO ] 2023-08-04 08:35:09.043 [main] TestBase - form fill successfully
[INFO ] 2023-08-04 08:35:09.043 [main] TestBase - test case1_001
[INFO ] 2023-08-04 08:35:09.284 [main] TestBase - closing browser
[INFO ] 2023-08-04 08:35:11.450 [main] TestBase - Chrome browser launched successfully
[INFO ] 2023-08-04 08:35:17.082 [main] TestBase - launch application successfully
[INFO ] 2023-08-04 08:35:18.347 [main] TestBase - form fill successfully
[INFO ] 2023-08-04 08:35:18.348 [main] TestBase - test case1_001
[INFO ] 2023-08-04 08:35:18.523 [main] TestBase - closing browser
[INFO ] 2023-08-04 08:35:20.115 [main] TestBase - Chrome browser launched successfully
[INFO ] 2023-08-04 08:35:24.888 [main] TestBase - launch application successfully
[INFO ] 2023-08-04 08:35:26.113 [main] TestBase - form fill successfully
[INFO ] 2023-08-04 08:35:26.113 [main] TestBase - test case1_001
[INFO ] 2023-08-04 08:35:26.341 [main] TestBase - closing browser
[INFO ] 2023-08-04 08:35:27.910 [main] TestBase - Chrome browser launched successfully
[INFO ] 2023-08-04 08:35:32.763 [main] TestBase - launch application successfully
[INFO ] 2023-08-04 08:35:33.986 [main] TestBase - form fill successfully
[INFO ] 2023-08-04 08:35:33.986 [main] TestBase - test case1_001
[INFO ] 2023-08-04 08:35:34.193 [main] TestBase - closing browser
[INFO ] 2023-08-04 08:35:36.404 [main] TestBase - Chrome browser launched successfully
[INFO ] 2023-08-04 08:35:41.340 [main] TestBase - launch application successfully
[INFO ] 2023-08-04 08:35:41.674 [main] TestBase - link text validated successfully
[INFO ] 2023-08-04 08:35:42.054 [main] TestBase - closing browser
[INFO ] 2023-08-04 08:35:43.801 [main] TestBase - Chrome browser launched successfully
[INFO ] 2023-08-04 08:35:48.747 [main] TestBase - launch application successfully
[INFO ] 2023-08-04 08:35:48.989 [main] TestBase - Title of the page Basic Controls - H Y R Tutorials
[INFO ] 2023-08-04 08:35:49.201 [main] TestBase - closing browser
[DEBUG] 2023-08-04 08:39:51.121 [main] PackageRelationshipCollection - Parsing relationship: /xl/_rels/workbook.xml.rels
[DEBUG] 2023-08-04 08:39:51.126 [main] PackageRelationshipCollection - Parsing relationship: /xl/worksheets/_rels/sheet1.xml.rels
[DEBUG] 2023-08-04 08:39:51.127 [main] PackageRelationshipCollection - Parsing relationship: /_rels/.rels
[INFO ] 2023-08-04 08:39:53.624 [main] TestBase - Chrome browser launched successfully
[INFO ] 2023-08-04 08:39:58.497 [main] TestBase - launch application successfully
[INFO ] 2023-08-04 08:39:59.694 [main] TestBase - form fill successfully
[INFO ] 2023-08-04 08:39:59.696 [main] TestBase - test case1_001
[INFO ] 2023-08-04 08:39:59.944 [main] TestBase - closing browser
[INFO ] 2023-08-04 08:40:01.728 [main] TestBase - Chrome browser launched successfully
[INFO ] 2023-08-04 08:40:08.444 [main] TestBase - launch application successfully
[INFO ] 2023-08-04 08:40:09.619 [main] TestBase - form fill successfully
[INFO ] 2023-08-04 08:40:09.619 [main] TestBase - test case1_001
[INFO ] 2023-08-04 08:40:09.871 [main] TestBase - closing browser
[INFO ] 2023-08-04 08:40:11.791 [main] TestBase - Chrome browser launched successfully
[INFO ] 2023-08-04 08:40:16.801 [main] TestBase - launch application successfully
[INFO ] 2023-08-04 08:40:18.387 [main] TestBase - form fill successfully
[INFO ] 2023-08-04 08:40:18.388 [main] TestBase - test case1_001
[INFO ] 2023-08-04 08:40:18.676 [main] TestBase - closing browser
[INFO ] 2023-08-04 08:40:20.778 [main] TestBase - Chrome browser launched successfully
[INFO ] 2023-08-04 08:40:25.389 [main] TestBase - launch application successfully
[INFO ] 2023-08-04 08:40:27.355 [main] TestBase - form fill successfully
[INFO ] 2023-08-04 08:40:27.355 [main] TestBase - test case1_001
[INFO ] 2023-08-04 08:40:27.705 [main] TestBase - closing browser
[INFO ] 2023-08-04 08:40:29.677 [main] TestBase - Chrome browser launched successfully
[INFO ] 2023-08-04 08:40:35.089 [main] TestBase - launch application successfully
[INFO ] 2023-08-04 08:40:35.487 [main] TestBase - link text validated successfully
[INFO ] 2023-08-04 08:40:35.908 [main] TestBase - closing browser
[INFO ] 2023-08-04 08:40:37.845 [main] TestBase - Chrome browser launched successfully
[INFO ] 2023-08-04 08:40:43.114 [main] TestBase - launch application successfully
[INFO ] 2023-08-04 08:40:43.554 [main] TestBase - closing browser
[DEBUG] 2023-08-04 08:44:26.272 [main] PackageRelationshipCollection - Parsing relationship: /xl/_rels/workbook.xml.rels
[DEBUG] 2023-08-04 08:44:26.275 [main] PackageRelationshipCollection - Parsing relationship: /xl/worksheets/_rels/sheet1.xml.rels
[DEBUG] 2023-08-04 08:44:26.276 [main] PackageRelationshipCollection - Parsing relationship: /_rels/.rels
[INFO ] 2023-08-04 08:44:28.473 [main] TestBase - Chrome browser launched successfully
[INFO ] 2023-08-04 08:44:33.311 [main] TestBase - launch application successfully
[INFO ] 2023-08-04 08:44:35.508 [main] TestBase - form fill successfully
[INFO ] 2023-08-04 08:44:35.508 [main] TestBase - test case1_001
[INFO ] 2023-08-04 08:44:35.848 [main] TestBase - closing browser
[INFO ] 2023-08-04 08:44:37.918 [main] TestBase - Chrome browser launched successfully
[INFO ] 2023-08-04 08:44:43.611 [main] TestBase - launch application successfully
[INFO ] 2023-08-04 08:44:45.149 [main] TestBase - form fill successfully
[INFO ] 2023-08-04 08:44:45.150 [main] TestBase - test case1_001
[INFO ] 2023-08-04 08:44:45.408 [main] TestBase - closing browser
[INFO ] 2023-08-04 08:44:48.031 [main] TestBase - Chrome browser launched successfully
[INFO ] 2023-08-04 08:44:54.806 [main] TestBase - launch application successfully
[INFO ] 2023-08-04 08:44:55.723 [main] TestBase - form fill successfully
[INFO ] 2023-08-04 08:44:55.723 [main] TestBase - test case1_001
[INFO ] 2023-08-04 08:44:56.051 [main] TestBase - closing browser
[INFO ] 2023-08-04 08:44:58.783 [main] TestBase - Chrome browser launched successfully
[INFO ] 2023-08-04 08:45:03.926 [main] TestBase - launch application successfully
[INFO ] 2023-08-04 08:45:05.381 [main] TestBase - form fill successfully
[INFO ] 2023-08-04 08:45:05.381 [main] TestBase - test case1_001
[INFO ] 2023-08-04 08:45:05.551 [main] TestBase - closing browser
[INFO ] 2023-08-04 08:45:07.477 [main] TestBase - Chrome browser launched successfully
[INFO ] 2023-08-04 08:45:13.434 [main] TestBase - launch application successfully
[INFO ] 2023-08-04 08:45:13.717 [main] TestBase - link text validated successfully
[INFO ] 2023-08-04 08:45:13.999 [main] TestBase - closing browser
[INFO ] 2023-08-04 08:45:15.933 [main] TestBase - Chrome browser launched successfully
[INFO ] 2023-08-04 08:45:21.055 [main] TestBase - launch application successfully
[INFO ] 2023-08-04 08:45:21.429 [main] TestBase - closing browser
[DEBUG] 2023-08-04 08:54:37.135 [main] PackageRelationshipCollection - Parsing relationship: /xl/_rels/workbook.xml.rels
[DEBUG] 2023-08-04 08:54:37.138 [main] PackageRelationshipCollection - Parsing relationship: /xl/worksheets/_rels/sheet1.xml.rels
[DEBUG] 2023-08-04 08:54:37.141 [main] PackageRelationshipCollection - Parsing relationship: /_rels/.rels
[INFO ] 2023-08-04 08:54:39.332 [main] TestBase - Chrome browser launched successfully
[INFO ] 2023-08-04 08:54:43.873 [main] TestBase - launch application successfully
[INFO ] 2023-08-04 08:54:45.653 [main] TestBase - exceptionjava.lang.NullPointerException: Cannot invoke "org.openqa.selenium.TakesScreenshot.getScreenshotAs(org.openqa.selenium.OutputType)" because "ts" is null
[INFO ] 2023-08-04 08:54:45.765 [main] TestBase - form fill successfully
[INFO ] 2023-08-04 08:54:45.765 [main] TestBase - test case1_001
[INFO ] 2023-08-04 08:54:46.018 [main] TestBase - closing browser
[INFO ] 2023-08-04 08:54:48.144 [main] TestBase - Chrome browser launched successfully
[INFO ] 2023-08-04 08:54:53.753 [main] TestBase - launch application successfully
[INFO ] 2023-08-04 08:54:55.040 [main] TestBase - exceptionjava.lang.NullPointerException: Cannot invoke "org.openqa.selenium.TakesScreenshot.getScreenshotAs(org.openqa.selenium.OutputType)" because "ts" is null
[INFO ] 2023-08-04 08:54:55.141 [main] TestBase - form fill successfully
[INFO ] 2023-08-04 08:54:55.141 [main] TestBase - test case1_001
[INFO ] 2023-08-04 08:54:55.441 [main] TestBase - closing browser
[INFO ] 2023-08-04 08:54:57.492 [main] TestBase - Chrome browser launched successfully
[INFO ] 2023-08-04 08:55:02.481 [main] TestBase - launch application successfully
[INFO ] 2023-08-04 08:55:04.134 [main] TestBase - exceptionjava.lang.NullPointerException: Cannot invoke "org.openqa.selenium.TakesScreenshot.getScreenshotAs(org.openqa.selenium.OutputType)" because "ts" is null
[INFO ] 2023-08-04 08:55:04.243 [main] TestBase - form fill successfully
[INFO ] 2023-08-04 08:55:04.243 [main] TestBase - test case1_001
[INFO ] 2023-08-04 08:55:04.460 [main] TestBase - closing browser
[INFO ] 2023-08-04 08:55:06.533 [main] TestBase - Chrome browser launched successfully
[INFO ] 2023-08-04 08:55:11.761 [main] TestBase - launch application successfully
[INFO ] 2023-08-04 08:55:14.008 [main] TestBase - exceptionjava.lang.NullPointerException: Cannot invoke "org.openqa.selenium.TakesScreenshot.getScreenshotAs(org.openqa.selenium.OutputType)" because "ts" is null
[INFO ] 2023-08-04 08:55:14.162 [main] TestBase - form fill successfully
[INFO ] 2023-08-04 08:55:14.163 [main] TestBase - test case1_001
[INFO ] 2023-08-04 08:55:14.413 [main] TestBase - closing browser
[INFO ] 2023-08-04 08:55:16.779 [main] TestBase - Chrome browser launched successfully
[INFO ] 2023-08-04 08:55:21.164 [main] TestBase - launch application successfully
[INFO ] 2023-08-04 08:55:21.520 [main] TestBase - exceptionjava.lang.NullPointerException: Cannot invoke "org.openqa.selenium.TakesScreenshot.getScreenshotAs(org.openqa.selenium.OutputType)" because "ts" is null
[INFO ] 2023-08-04 08:55:21.521 [main] TestBase - link text validated successfully
[INFO ] 2023-08-04 08:55:21.921 [main] TestBase - closing browser
[INFO ] 2023-08-04 08:55:23.955 [main] TestBase - Chrome browser launched successfully
[INFO ] 2023-08-04 08:55:29.221 [main] TestBase - launch application successfully
[INFO ] 2023-08-04 08:55:29.684 [main] TestBase - closing browser
[DEBUG] 2023-08-04 08:57:00.530 [main] PackageRelationshipCollection - Parsing relationship: /xl/_rels/workbook.xml.rels
[DEBUG] 2023-08-04 08:57:00.534 [main] PackageRelationshipCollection - Parsing relationship: /xl/worksheets/_rels/sheet1.xml.rels
[DEBUG] 2023-08-04 08:57:00.536 [main] PackageRelationshipCollection - Parsing relationship: /_rels/.rels
[INFO ] 2023-08-04 08:57:03.115 [main] TestBase - Chrome browser launched successfully
[INFO ] 2023-08-04 08:57:10.795 [main] TestBase - launch application successfully
[INFO ] 2023-08-04 08:57:13.148 [main] TestBase - form fill successfully
[INFO ] 2023-08-04 08:57:13.148 [main] TestBase - test case1_001
[INFO ] 2023-08-04 08:57:13.455 [main] TestBase - closing browser
[INFO ] 2023-08-04 08:57:15.620 [main] TestBase - Chrome browser launched successfully
[INFO ] 2023-08-04 08:57:20.227 [main] TestBase - launch application successfully
[INFO ] 2023-08-04 08:57:22.402 [main] TestBase - form fill successfully
[INFO ] 2023-08-04 08:57:22.402 [main] TestBase - test case1_001
[INFO ] 2023-08-04 08:57:22.644 [main] TestBase - closing browser
[INFO ] 2023-08-04 08:57:24.580 [main] TestBase - Chrome browser launched successfully
[INFO ] 2023-08-04 08:57:30.047 [main] TestBase - launch application successfully
[INFO ] 2023-08-04 08:57:32.399 [main] TestBase - form fill successfully
[INFO ] 2023-08-04 08:57:32.400 [main] TestBase - test case1_001
[INFO ] 2023-08-04 08:57:32.590 [main] TestBase - closing browser
[INFO ] 2023-08-04 08:57:34.473 [main] TestBase - Chrome browser launched successfully
[INFO ] 2023-08-04 08:57:40.258 [main] TestBase - launch application successfully
[INFO ] 2023-08-04 08:57:42.366 [main] TestBase - form fill successfully
[INFO ] 2023-08-04 08:57:42.366 [main] TestBase - test case1_001
[INFO ] 2023-08-04 08:57:42.633 [main] TestBase - closing browser
[INFO ] 2023-08-04 08:57:44.587 [main] TestBase - Chrome browser launched successfully
[INFO ] 2023-08-04 08:57:49.489 [main] TestBase - launch application successfully
[INFO ] 2023-08-04 08:57:51.702 [main] TestBase - link text validated successfully
[INFO ] 2023-08-04 08:57:51.960 [main] TestBase - closing browser
[INFO ] 2023-08-04 08:57:54.040 [main] TestBase - Chrome browser launched successfully
[INFO ] 2023-08-04 08:57:58.737 [main] TestBase - launch application successfully
[INFO ] 2023-08-04 08:57:59.185 [main] TestBase - closing browser
[DEBUG] 2023-08-08 08:05:33.335 [main] PackageRelationshipCollection - Parsing relationship: /xl/_rels/workbook.xml.rels
[DEBUG] 2023-08-08 08:05:33.344 [main] PackageRelationshipCollection - Parsing relationship: /xl/worksheets/_rels/sheet1.xml.rels
[DEBUG] 2023-08-08 08:05:33.347 [main] PackageRelationshipCollection - Parsing relationship: /_rels/.rels
[INFO ] 2023-08-08 08:05:36.957 [main] TestBase - Chrome browser launched successfully
[INFO ] 2023-08-08 08:05:41.513 [main] TestBase - launch application successfully
[INFO ] 2023-08-08 08:05:44.111 [main] TestBase - form fill successfully
[INFO ] 2023-08-08 08:05:44.111 [main] TestBase - test case1_001
[INFO ] 2023-08-08 08:05:44.349 [main] TestBase - closing browser
[INFO ] 2023-08-08 08:05:46.477 [main] TestBase - Chrome browser launched successfully
[INFO ] 2023-08-08 08:05:53.694 [main] TestBase - launch application successfully
[INFO ] 2023-08-08 08:05:55.371 [main] TestBase - form fill successfully
[INFO ] 2023-08-08 08:05:55.371 [main] TestBase - test case1_001
[INFO ] 2023-08-08 08:05:55.630 [main] TestBase - closing browser
[INFO ] 2023-08-08 08:05:57.685 [main] TestBase - Chrome browser launched successfully
[INFO ] 2023-08-08 08:06:02.196 [main] TestBase - launch application successfully
[INFO ] 2023-08-08 08:06:04.453 [main] TestBase - form fill successfully
[INFO ] 2023-08-08 08:06:04.453 [main] TestBase - test case1_001
[INFO ] 2023-08-08 08:06:04.647 [main] TestBase - closing browser
[INFO ] 2023-08-08 08:06:06.612 [main] TestBase - Chrome browser launched successfully
[INFO ] 2023-08-08 08:06:11.063 [main] TestBase - launch application successfully
[INFO ] 2023-08-08 08:06:13.109 [main] TestBase - form fill successfully
[INFO ] 2023-08-08 08:06:13.109 [main] TestBase - test case1_001
[INFO ] 2023-08-08 08:06:13.286 [main] TestBase - closing browser
[INFO ] 2023-08-08 08:06:15.819 [main] TestBase - Chrome browser launched successfully
[INFO ] 2023-08-08 08:06:19.829 [main] TestBase - launch application successfully
[INFO ] 2023-08-08 08:06:22.369 [main] TestBase - link text validated successfully
[INFO ] 2023-08-08 08:06:22.627 [main] TestBase - closing browser
[INFO ] 2023-08-08 08:06:24.560 [main] TestBase - Chrome browser launched successfully
[INFO ] 2023-08-08 08:06:28.984 [main] TestBase - launch application successfully
[INFO ] 2023-08-08 08:06:29.389 [main] TestBase - closing browser
[DEBUG] 2023-08-08 08:07:44.673 [main] PackageRelationshipCollection - Parsing relationship: /xl/_rels/workbook.xml.rels
[DEBUG] 2023-08-08 08:07:44.685 [main] PackageRelationshipCollection - Parsing relationship: /xl/worksheets/_rels/sheet1.xml.rels
[DEBUG] 2023-08-08 08:07:44.688 [main] PackageRelationshipCollection - Parsing relationship: /_rels/.rels
[INFO ] 2023-08-08 08:07:48.899 [main] TestBase - Chrome browser launched successfully
[INFO ] 2023-08-08 08:07:53.667 [main] TestBase - launch application successfully
[INFO ] 2023-08-08 08:07:56.031 [main] TestBase - form fill successfully
[INFO ] 2023-08-08 08:07:56.031 [main] TestBase - test case1_001
[INFO ] 2023-08-08 08:07:56.254 [main] TestBase - closing browser
[INFO ] 2023-08-08 08:07:58.451 [main] TestBase - Chrome browser launched successfully
[INFO ] 2023-08-08 08:08:03.219 [main] TestBase - launch application successfully
[INFO ] 2023-08-08 08:08:05.476 [main] TestBase - form fill successfully
[INFO ] 2023-08-08 08:08:05.476 [main] TestBase - test case1_001
[INFO ] 2023-08-08 08:08:05.736 [main] TestBase - closing browser
[INFO ] 2023-08-08 08:08:07.777 [main] TestBase - Chrome browser launched successfully
[INFO ] 2023-08-08 08:08:12.830 [main] TestBase - launch application successfully
[INFO ] 2023-08-08 08:08:14.931 [main] TestBase - form fill successfully
[INFO ] 2023-08-08 08:08:14.931 [main] TestBase - test case1_001
[INFO ] 2023-08-08 08:08:15.133 [main] TestBase - closing browser
[INFO ] 2023-08-08 08:08:17.044 [main] TestBase - Chrome browser launched successfully
[INFO ] 2023-08-08 08:08:21.120 [main] TestBase - launch application successfully
[INFO ] 2023-08-08 08:08:23.500 [main] TestBase - form fill successfully
[INFO ] 2023-08-08 08:08:23.501 [main] TestBase - test case1_001
[INFO ] 2023-08-08 08:08:23.724 [main] TestBase - closing browser
[INFO ] 2023-08-08 08:08:25.527 [main] TestBase - Chrome browser launched successfully
[INFO ] 2023-08-08 08:08:30.622 [main] TestBase - launch application successfully
[INFO ] 2023-08-08 08:08:33.165 [main] TestBase - link text validated successfully
[INFO ] 2023-08-08 08:08:33.394 [main] TestBase - closing browser
[INFO ] 2023-08-08 08:08:35.560 [main] TestBase - Chrome browser launched successfully
[INFO ] 2023-08-08 08:08:40.357 [main] TestBase - launch application successfully
[INFO ] 2023-08-08 08:08:40.669 [main] TestBase - Title of the page Basic Controls - H Y R Tutorials
[INFO ] 2023-08-08 08:08:40.932 [main] TestBase - closing browser
[DEBUG] 2023-08-08 08:45:16.724 [main] PackageRelationshipCollection - Parsing relationship: /xl/_rels/workbook.xml.rels
[DEBUG] 2023-08-08 08:45:16.734 [main] PackageRelationshipCollection - Parsing relationship: /xl/worksheets/_rels/sheet1.xml.rels
[DEBUG] 2023-08-08 08:45:16.737 [main] PackageRelationshipCollection - Parsing relationship: /_rels/.rels
[INFO ] 2023-08-08 08:45:23.086 [main] TestBase - Chrome browser launched successfully
[INFO ] 2023-08-08 08:45:28.210 [main] TestBase - launch application successfully
[INFO ] 2023-08-08 08:45:29.844 [main] TestBase - form fill successfully
[INFO ] 2023-08-08 08:45:29.845 [main] TestBase - test case1_001
[INFO ] 2023-08-08 08:45:29.991 [main] TestBase - closing browser
[INFO ] 2023-08-08 08:45:31.937 [main] TestBase - Chrome browser launched successfully
[INFO ] 2023-08-08 08:45:36.739 [main] TestBase - launch application successfully
[INFO ] 2023-08-08 08:45:38.540 [main] TestBase - form fill successfully
[INFO ] 2023-08-08 08:45:38.541 [main] TestBase - test case1_001
[INFO ] 2023-08-08 08:45:38.677 [main] TestBase - closing browser
[INFO ] 2023-08-08 08:45:40.648 [main] TestBase - Chrome browser launched successfully
[INFO ] 2023-08-08 08:45:45.655 [main] TestBase - launch application successfully
[INFO ] 2023-08-08 08:45:47.281 [main] TestBase - form fill successfully
[INFO ] 2023-08-08 08:45:47.281 [main] TestBase - test case1_001
[INFO ] 2023-08-08 08:45:47.446 [main] TestBase - closing browser
[INFO ] 2023-08-08 08:45:49.559 [main] TestBase - Chrome browser launched successfully
[INFO ] 2023-08-08 08:45:54.852 [main] TestBase - launch application successfully
[INFO ] 2023-08-08 08:45:56.318 [main] TestBase - form fill successfully
[INFO ] 2023-08-08 08:45:56.318 [main] TestBase - test case1_001
[INFO ] 2023-08-08 08:45:56.452 [main] TestBase - closing browser
[INFO ] 2023-08-08 08:45:58.350 [main] TestBase - Chrome browser launched successfully
[INFO ] 2023-08-08 08:46:02.396 [main] TestBase - launch application successfully
[INFO ] 2023-08-08 08:46:03.799 [main] TestBase - link text validated successfully
[INFO ] 2023-08-08 08:46:03.982 [main] TestBase - closing browser
[INFO ] 2023-08-08 08:46:05.755 [main] TestBase - Chrome browser launched successfully
[INFO ] 2023-08-08 08:46:10.460 [main] TestBase - launch application successfully
[INFO ] 2023-08-08 08:46:10.639 [main] TestBase - Title of the page Basic Controls - H Y R Tutorials
[INFO ] 2023-08-08 08:46:10.736 [main] TestBase - closing browser
[DEBUG] 2023-08-08 08:49:11.599 [main] PackageRelationshipCollection - Parsing relationship: /xl/_rels/workbook.xml.rels
[DEBUG] 2023-08-08 08:49:11.612 [main] PackageRelationshipCollection - Parsing relationship: /xl/worksheets/_rels/sheet1.xml.rels
[DEBUG] 2023-08-08 08:49:11.615 [main] PackageRelationshipCollection - Parsing relationship: /_rels/.rels
[INFO ] 2023-08-08 08:49:17.015 [main] TestBase - Chrome browser launched successfully
[INFO ] 2023-08-08 08:49:22.314 [main] TestBase - launch application successfully
[INFO ] 2023-08-08 08:49:24.779 [main] TestBase - form fill successfully
[INFO ] 2023-08-08 08:49:24.779 [main] TestBase - test case1_001
[INFO ] 2023-08-08 08:49:25.025 [main] TestBase - closing browser
[INFO ] 2023-08-08 08:49:27.251 [main] TestBase - Chrome browser launched successfully
[INFO ] 2023-08-08 08:49:32.241 [main] TestBase - launch application successfully
[INFO ] 2023-08-08 08:49:34.745 [main] TestBase - form fill successfully
[INFO ] 2023-08-08 08:49:34.746 [main] TestBase - test case1_001
[INFO ] 2023-08-08 08:49:34.887 [main] TestBase - closing browser
[INFO ] 2023-08-08 08:49:36.514 [main] TestBase - Chrome browser launched successfully
[INFO ] 2023-08-08 08:49:40.814 [main] TestBase - launch application successfully
[INFO ] 2023-08-08 08:49:42.643 [main] TestBase - form fill successfully
[INFO ] 2023-08-08 08:49:42.643 [main] TestBase - test case1_001
[INFO ] 2023-08-08 08:49:42.819 [main] TestBase - closing browser
[INFO ] 2023-08-08 08:49:44.492 [main] TestBase - Chrome browser launched successfully
[INFO ] 2023-08-08 08:49:49.097 [main] TestBase - launch application successfully
[INFO ] 2023-08-08 08:49:51.323 [main] TestBase - form fill successfully
[INFO ] 2023-08-08 08:49:51.323 [main] TestBase - test case1_001
[INFO ] 2023-08-08 08:49:51.501 [main] TestBase - closing browser
[INFO ] 2023-08-08 08:49:54.342 [main] TestBase - Chrome browser launched successfully
[INFO ] 2023-08-08 08:49:58.736 [main] TestBase - launch application successfully
[INFO ] 2023-08-08 08:50:01.119 [main] TestBase - link text validated successfully
[INFO ] 2023-08-08 08:50:01.382 [main] TestBase - closing browser
[INFO ] 2023-08-08 08:50:03.386 [main] TestBase - Chrome browser launched successfully
[INFO ] 2023-08-08 08:50:07.532 [main] TestBase - launch application successfully
[INFO ] 2023-08-08 08:50:07.759 [main] TestBase - Title of the page Basic Controls - H Y R Tutorials
[INFO ] 2023-08-08 08:50:07.960 [main] TestBase - closing browser
